{"/Users/raazeshp96/Desktop/react-tanstack-query-optimistic-update/src/App.tsx": {"path":"/Users/raazeshp96/Desktop/react-tanstack-query-optimistic-update/src/App.tsx","all":true,"statementMap":{"0":{"start":{"line":1,"column":0},"end":{"line":1,"column":18}},"1":{"start":{"line":2,"column":0},"end":{"line":2,"column":32}},"2":{"start":{"line":3,"column":0},"end":{"line":3,"column":56}},"3":{"start":{"line":4,"column":0},"end":{"line":4,"column":56}},"4":{"start":{"line":5,"column":0},"end":{"line":5,"column":47}},"5":{"start":{"line":6,"column":0},"end":{"line":6,"column":46}},"7":{"start":{"line":8,"column":0},"end":{"line":8,"column":16}},"8":{"start":{"line":9,"column":0},"end":{"line":9,"column":73}},"9":{"start":{"line":10,"column":0},"end":{"line":10,"column":10}},"10":{"start":{"line":11,"column":0},"end":{"line":11,"column":9}},"11":{"start":{"line":12,"column":0},"end":{"line":12,"column":112}},"12":{"start":{"line":13,"column":0},"end":{"line":13,"column":65}},"13":{"start":{"line":14,"column":0},"end":{"line":14,"column":106}},"14":{"start":{"line":15,"column":0},"end":{"line":15,"column":94}},"15":{"start":{"line":16,"column":0},"end":{"line":16,"column":12}},"16":{"start":{"line":17,"column":0},"end":{"line":17,"column":71}},"17":{"start":{"line":18,"column":0},"end":{"line":18,"column":92}},"18":{"start":{"line":19,"column":0},"end":{"line":19,"column":10}},"20":{"start":{"line":21,"column":0},"end":{"line":21,"column":1}},"22":{"start":{"line":23,"column":0},"end":{"line":23,"column":18}}},"s":{"0":0,"1":0,"2":0,"3":0,"4":0,"5":0,"7":0,"8":0,"9":0,"10":0,"11":0,"12":0,"13":0,"14":0,"15":0,"16":0,"17":0,"18":0,"20":0,"22":0},"branchMap":{"0":{"type":"branch","line":1,"loc":{"start":{"line":1,"column":969},"end":{"line":23,"column":18}},"locations":[{"start":{"line":1,"column":969},"end":{"line":23,"column":18}}]}},"b":{"0":[0]},"fnMap":{"0":{"name":"(empty-report)","decl":{"start":{"line":1,"column":969},"end":{"line":23,"column":18}},"loc":{"start":{"line":1,"column":969},"end":{"line":23,"column":18}},"line":1}},"f":{"0":0}}
,"/Users/raazeshp96/Desktop/react-tanstack-query-optimistic-update/src/main.tsx": {"path":"/Users/raazeshp96/Desktop/react-tanstack-query-optimistic-update/src/main.tsx","all":true,"statementMap":{"0":{"start":{"line":1,"column":0},"end":{"line":1,"column":34}},"1":{"start":{"line":2,"column":0},"end":{"line":2,"column":45}},"2":{"start":{"line":3,"column":0},"end":{"line":3,"column":20}},"3":{"start":{"line":4,"column":0},"end":{"line":4,"column":23}},"4":{"start":{"line":5,"column":0},"end":{"line":5,"column":72}},"5":{"start":{"line":6,"column":0},"end":{"line":6,"column":67}},"7":{"start":{"line":8,"column":0},"end":{"line":8,"column":37}},"9":{"start":{"line":10,"column":0},"end":{"line":10,"column":52}},"10":{"start":{"line":11,"column":0},"end":{"line":11,"column":14}},"11":{"start":{"line":12,"column":0},"end":{"line":12,"column":46}},"12":{"start":{"line":13,"column":0},"end":{"line":13,"column":13}},"13":{"start":{"line":14,"column":0},"end":{"line":14,"column":50}},"14":{"start":{"line":15,"column":0},"end":{"line":15,"column":26}},"15":{"start":{"line":16,"column":0},"end":{"line":16,"column":16}},"16":{"start":{"line":17,"column":0},"end":{"line":17,"column":1}}},"s":{"0":0,"1":0,"2":0,"3":0,"4":0,"5":0,"7":0,"9":0,"10":0,"11":0,"12":0,"13":0,"14":0,"15":0,"16":0},"branchMap":{"0":{"type":"branch","line":1,"loc":{"start":{"line":1,"column":428},"end":{"line":17,"column":-333}},"locations":[{"start":{"line":1,"column":428},"end":{"line":17,"column":-333}}]}},"b":{"0":[0]},"fnMap":{"0":{"name":"(empty-report)","decl":{"start":{"line":1,"column":428},"end":{"line":17,"column":-333}},"loc":{"start":{"line":1,"column":428},"end":{"line":17,"column":-333}},"line":1}},"f":{"0":0}}
,"/Users/raazeshp96/Desktop/react-tanstack-query-optimistic-update/src/api/color.ts": {"path":"/Users/raazeshp96/Desktop/react-tanstack-query-optimistic-update/src/api/color.ts","all":true,"statementMap":{"0":{"start":{"line":1,"column":0},"end":{"line":1,"column":43}},"2":{"start":{"line":3,"column":0},"end":{"line":3,"column":77}},"4":{"start":{"line":5,"column":0},"end":{"line":5,"column":53}},"5":{"start":{"line":6,"column":0},"end":{"line":6,"column":17}},"6":{"start":{"line":7,"column":0},"end":{"line":7,"column":20}},"7":{"start":{"line":8,"column":0},"end":{"line":8,"column":1}},"9":{"start":{"line":10,"column":0},"end":{"line":10,"column":68}},"10":{"start":{"line":11,"column":0},"end":{"line":11,"column":17}},"11":{"start":{"line":12,"column":0},"end":{"line":12,"column":27}},"12":{"start":{"line":13,"column":0},"end":{"line":13,"column":43}},"13":{"start":{"line":14,"column":0},"end":{"line":14,"column":2}},"14":{"start":{"line":15,"column":0},"end":{"line":15,"column":25}},"15":{"start":{"line":16,"column":0},"end":{"line":16,"column":20}},"16":{"start":{"line":17,"column":0},"end":{"line":17,"column":1}}},"s":{"0":0,"2":0,"4":0,"5":0,"6":0,"7":0,"9":0,"10":0,"11":0,"12":0,"13":0,"14":0,"15":0,"16":0},"branchMap":{"0":{"type":"branch","line":1,"loc":{"start":{"line":1,"column":430},"end":{"line":17,"column":1}},"locations":[{"start":{"line":1,"column":430},"end":{"line":17,"column":1}}]}},"b":{"0":[0]},"fnMap":{"0":{"name":"(empty-report)","decl":{"start":{"line":1,"column":430},"end":{"line":17,"column":1}},"loc":{"start":{"line":1,"column":430},"end":{"line":17,"column":1}},"line":1}},"f":{"0":0}}
,"/Users/raazeshp96/Desktop/react-tanstack-query-optimistic-update/src/components/ChangeBgButton.tsx": {"path":"/Users/raazeshp96/Desktop/react-tanstack-query-optimistic-update/src/components/ChangeBgButton.tsx","all":false,"statementMap":{"0":{"start":{"line":1,"column":0},"end":{"line":1,"column":77}},"1":{"start":{"line":2,"column":0},"end":{"line":2,"column":51}},"2":{"start":{"line":3,"column":0},"end":{"line":3,"column":38}},"4":{"start":{"line":5,"column":0},"end":{"line":5,"column":42}},"5":{"start":{"line":6,"column":0},"end":{"line":6,"column":38}},"6":{"start":{"line":7,"column":0},"end":{"line":7,"column":83}},"8":{"start":{"line":9,"column":0},"end":{"line":9,"column":78}},"9":{"start":{"line":10,"column":0},"end":{"line":10,"column":41}},"10":{"start":{"line":11,"column":0},"end":{"line":11,"column":31}},"11":{"start":{"line":12,"column":0},"end":{"line":12,"column":62}},"12":{"start":{"line":13,"column":0},"end":{"line":13,"column":66}},"13":{"start":{"line":14,"column":0},"end":{"line":14,"column":47}},"14":{"start":{"line":15,"column":0},"end":{"line":15,"column":25}},"15":{"start":{"line":16,"column":0},"end":{"line":16,"column":6}},"16":{"start":{"line":17,"column":0},"end":{"line":17,"column":36}},"17":{"start":{"line":18,"column":0},"end":{"line":18,"column":88}},"18":{"start":{"line":19,"column":0},"end":{"line":19,"column":57}},"19":{"start":{"line":20,"column":0},"end":{"line":20,"column":6}},"20":{"start":{"line":21,"column":0},"end":{"line":21,"column":76}},"21":{"start":{"line":22,"column":0},"end":{"line":22,"column":65}},"22":{"start":{"line":23,"column":0},"end":{"line":23,"column":4}},"24":{"start":{"line":25,"column":0},"end":{"line":25,"column":50}},"25":{"start":{"line":26,"column":0},"end":{"line":26,"column":84}},"27":{"start":{"line":28,"column":0},"end":{"line":28,"column":34}},"28":{"start":{"line":29,"column":0},"end":{"line":29,"column":60}},"30":{"start":{"line":31,"column":0},"end":{"line":31,"column":10}},"31":{"start":{"line":32,"column":0},"end":{"line":32,"column":87}},"32":{"start":{"line":33,"column":0},"end":{"line":33,"column":82}},"33":{"start":{"line":34,"column":0},"end":{"line":34,"column":64}},"34":{"start":{"line":35,"column":0},"end":{"line":35,"column":15}},"35":{"start":{"line":36,"column":0},"end":{"line":36,"column":10}},"37":{"start":{"line":38,"column":0},"end":{"line":38,"column":1}}},"s":{"0":1,"1":1,"2":1,"4":2,"5":2,"6":2,"8":2,"9":2,"10":2,"11":0,"12":0,"13":0,"14":0,"15":0,"16":2,"17":0,"18":0,"19":0,"20":2,"21":2,"22":2,"24":2,"25":2,"27":1,"28":2,"30":2,"31":2,"32":2,"33":2,"34":2,"35":2,"37":2},"branchMap":{"0":{"type":"branch","line":5,"loc":{"start":{"line":5,"column":0},"end":{"line":38,"column":1}},"locations":[{"start":{"line":5,"column":0},"end":{"line":38,"column":1}}]},"1":{"type":"branch","line":25,"loc":{"start":{"line":25,"column":28},"end":{"line":26,"column":33}},"locations":[{"start":{"line":25,"column":28},"end":{"line":26,"column":33}}]},"2":{"type":"branch","line":26,"loc":{"start":{"line":26,"column":26},"end":{"line":26,"column":84}},"locations":[{"start":{"line":26,"column":26},"end":{"line":26,"column":84}}]},"3":{"type":"branch","line":26,"loc":{"start":{"line":26,"column":80},"end":{"line":29,"column":51}},"locations":[{"start":{"line":26,"column":80},"end":{"line":29,"column":51}}]},"4":{"type":"branch","line":29,"loc":{"start":{"line":29,"column":39},"end":{"line":29,"column":60}},"locations":[{"start":{"line":29,"column":39},"end":{"line":29,"column":60}}]},"5":{"type":"branch","line":34,"loc":{"start":{"line":34,"column":18},"end":{"line":34,"column":44}},"locations":[{"start":{"line":34,"column":18},"end":{"line":34,"column":44}}]},"6":{"type":"branch","line":34,"loc":{"start":{"line":34,"column":30},"end":{"line":34,"column":64}},"locations":[{"start":{"line":34,"column":30},"end":{"line":34,"column":64}}]}},"b":{"0":[2],"1":[1],"2":[0],"3":[1],"4":[0],"5":[0],"6":[1]},"fnMap":{"0":{"name":"ChangeBgButton","decl":{"start":{"line":5,"column":0},"end":{"line":38,"column":1}},"loc":{"start":{"line":5,"column":0},"end":{"line":38,"column":1}},"line":5},"1":{"name":"mutationFn","decl":{"start":{"line":10,"column":16},"end":{"line":10,"column":41}},"loc":{"start":{"line":10,"column":16},"end":{"line":10,"column":41}},"line":10},"2":{"name":"onMutate","decl":{"start":{"line":11,"column":14},"end":{"line":16,"column":6}},"loc":{"start":{"line":11,"column":14},"end":{"line":16,"column":6}},"line":11},"3":{"name":"onError","decl":{"start":{"line":17,"column":13},"end":{"line":20,"column":6}},"loc":{"start":{"line":17,"column":13},"end":{"line":20,"column":6}},"line":17},"4":{"name":"onSettled","decl":{"start":{"line":21,"column":15},"end":{"line":21,"column":76}},"loc":{"start":{"line":21,"column":15},"end":{"line":21,"column":76}},"line":21},"5":{"name":"onSuccess","decl":{"start":{"line":22,"column":15},"end":{"line":22,"column":65}},"loc":{"start":{"line":22,"column":15},"end":{"line":22,"column":65}},"line":22},"6":{"name":"onClick","decl":{"start":{"line":33,"column":23},"end":{"line":33,"column":52}},"loc":{"start":{"line":33,"column":23},"end":{"line":33,"column":52}},"line":33}},"f":{"0":2,"1":0,"2":0,"3":0,"4":0,"5":0,"6":0}}
,"/Users/raazeshp96/Desktop/react-tanstack-query-optimistic-update/src/components/SimpleBgButton.tsx": {"path":"/Users/raazeshp96/Desktop/react-tanstack-query-optimistic-update/src/components/SimpleBgButton.tsx","all":true,"statementMap":{"0":{"start":{"line":1,"column":0},"end":{"line":1,"column":77}},"1":{"start":{"line":2,"column":0},"end":{"line":2,"column":51}},"2":{"start":{"line":3,"column":0},"end":{"line":3,"column":38}},"4":{"start":{"line":5,"column":0},"end":{"line":5,"column":42}},"5":{"start":{"line":6,"column":0},"end":{"line":6,"column":38}},"6":{"start":{"line":7,"column":0},"end":{"line":7,"column":83}},"8":{"start":{"line":9,"column":0},"end":{"line":9,"column":55}},"9":{"start":{"line":10,"column":0},"end":{"line":10,"column":41}},"10":{"start":{"line":11,"column":0},"end":{"line":11,"column":76}},"11":{"start":{"line":12,"column":0},"end":{"line":12,"column":52}},"12":{"start":{"line":13,"column":0},"end":{"line":13,"column":57}},"13":{"start":{"line":14,"column":0},"end":{"line":14,"column":4}},"15":{"start":{"line":16,"column":0},"end":{"line":16,"column":50}},"16":{"start":{"line":17,"column":0},"end":{"line":17,"column":84}},"18":{"start":{"line":19,"column":0},"end":{"line":19,"column":34}},"19":{"start":{"line":20,"column":0},"end":{"line":20,"column":60}},"21":{"start":{"line":22,"column":0},"end":{"line":22,"column":10}},"22":{"start":{"line":23,"column":0},"end":{"line":23,"column":87}},"23":{"start":{"line":24,"column":0},"end":{"line":24,"column":82}},"24":{"start":{"line":25,"column":0},"end":{"line":25,"column":64}},"25":{"start":{"line":26,"column":0},"end":{"line":26,"column":15}},"26":{"start":{"line":27,"column":0},"end":{"line":27,"column":10}},"28":{"start":{"line":29,"column":0},"end":{"line":29,"column":1}}},"s":{"0":0,"1":0,"2":0,"4":0,"5":0,"6":0,"8":0,"9":0,"10":0,"11":0,"12":0,"13":0,"15":0,"16":0,"18":0,"19":0,"21":0,"22":0,"23":0,"24":0,"25":0,"26":0,"28":0},"branchMap":{"0":{"type":"branch","line":1,"loc":{"start":{"line":1,"column":1142},"end":{"line":29,"column":1}},"locations":[{"start":{"line":1,"column":1142},"end":{"line":29,"column":1}}]}},"b":{"0":[0]},"fnMap":{"0":{"name":"(empty-report)","decl":{"start":{"line":1,"column":1142},"end":{"line":29,"column":1}},"loc":{"start":{"line":1,"column":1142},"end":{"line":29,"column":1}},"line":1}},"f":{"0":0}}
}
